[debug] [2021-10-31T17:54:17.288Z] ----------------------------------------------------------------------
[debug] [2021-10-31T17:54:17.336Z] Command:       C:\Program Files\nodejs\node.exe C:\Users\ASUS\AppData\Roaming\npm\node_modules\firebase-tools\lib\bin\firebase.js init
[debug] [2021-10-31T17:54:17.338Z] CLI Version:   9.20.0
[debug] [2021-10-31T17:54:17.338Z] Platform:      win32
[debug] [2021-10-31T17:54:17.339Z] Node Version:  v14.18.0
[debug] [2021-10-31T17:54:17.505Z] Time:          Sun Oct 31 2021 23:54:17 GMT+0600 (Bangladesh Standard Time)
[debug] [2021-10-31T17:54:17.507Z] ----------------------------------------------------------------------
[debug] 
[debug] [2021-10-31T17:54:17.540Z] >>> [apiv2][query] GET https://firebase-public.firebaseio.com/cli.json [none]
[debug] [2021-10-31T17:54:18.154Z] > command requires scopes: ["email","openid","https://www.googleapis.com/auth/cloudplatformprojects.readonly","https://www.googleapis.com/auth/firebase","https://www.googleapis.com/auth/cloud-platform"]
[debug] [2021-10-31T17:54:18.158Z] > authorizing via signed-in user (sugatamallick@gmail.com)
[info] 
     ######## #### ########  ######## ########     ###     ######  ########
     ##        ##  ##     ## ##       ##     ##  ##   ##  ##       ##
     ######    ##  ########  ######   ########  #########  ######  ######
     ##        ##  ##    ##  ##       ##     ## ##     ##       ## ##
     ##       #### ##     ## ######## ########  ##     ##  ######  ########

You're about to initialize a Firebase project in this directory:

  F:\web-development\assignment-11-traveling-plan

[debug] [2021-10-31T17:54:19.888Z] <<< [apiv2][status] GET https://firebase-public.firebaseio.com/cli.json 200
[debug] [2021-10-31T17:54:19.889Z] <<< [apiv2][body] GET https://firebase-public.firebaseio.com/cli.json {"cloudBuildErrorAfter":1594252800000,"cloudBuildWarnAfter":1590019200000,"defaultNode10After":1594252800000,"minVersion":"3.0.5","node8DeploysDisabledAfter":1613390400000,"node8RuntimeDisabledAfter":1615809600000,"node8WarnAfter":1600128000000}
